#
# There is insufficient memory for the Java Runtime Environment to continue.
# Native memory allocation (mmap) failed to map 264241152 bytes for Failed to commit area from 0x0000000704800000 to 0x0000000714400000 of length 264241152.
# Possible reasons:
#   The system is out of physical RAM or swap space
#   The process is running with CompressedOops enabled, and the Java Heap may be blocking the growth of the native heap
# Possible solutions:
#   Reduce memory load on the system
#   Increase physical memory or swap space
#   Check if swap backing store is full
#   Decrease Java heap size (-Xmx/-Xms)
#   Decrease number of Java threads
#   Decrease Java thread stack sizes (-Xss)
#   Set larger code cache with -XX:ReservedCodeCacheSize=
# This output file may be truncated or incomplete.
#
#  Out of Memory Error (./open/src/hotspot/os/windows/os_windows.cpp:3287), pid=21792, tid=4088
#
# JRE version:  (11.0.16+11) (build )
# Java VM: Java HotSpot(TM) 64-Bit Server VM (11.0.16+11-LTS-199, mixed mode, sharing, tiered, compressed oops, g1 gc, windows-amd64)
# No core dump will be written. Minidumps are not enabled by default on client versions of Windows
#

---------------  S U M M A R Y ------------

Command Line: -XX:TieredStopAtLevel=1 -Xverify:none -Dspring.output.ansi.enabled=always -Dcom.sun.management.jmxremote -Dspring.jmx.enabled=true -Dspring.liveBeansView.mbeanDomain -Dspring.application.admin.enabled=true -javaagent:C:\Program Files\JetBrains\IntelliJ IDEA 2022.2.3\lib\idea_rt.jar=54786:C:\Program Files\JetBrains\IntelliJ IDEA 2022.2.3\bin -Dfile.encoding=UTF-8 com.bluetooth.hunchgame.HunchGameApplication

Host: 11th Gen Intel(R) Core(TM) i7-1165G7 @ 2.80GHz, 8 cores, 15G,  Windows 11 , 64 bit Build 22621 (10.0.22621.1928)
Time: Wed Jul 19 14:48:37 2023  Windows 11 , 64 bit Build 22621 (10.0.22621.1928) elapsed time: 0.030149 seconds (0d 0h 0m 0s)

---------------  T H R E A D  ---------------

Current thread (0x000002bde9a68800):  JavaThread "Unknown thread" [_thread_in_vm, id=4088, stack(0x000000c42b800000,0x000000c42b900000)]

Stack: [0x000000c42b800000,0x000000c42b900000]
Native frames: (J=compiled Java code, j=interpreted, Vv=VM code, C=native code)
V  [jvm.dll+0x62a3ea]
V  [jvm.dll+0x76418f]
V  [jvm.dll+0x765839]
V  [jvm.dll+0x765ec3]
V  [jvm.dll+0x23da98]
V  [jvm.dll+0x62770a]
V  [jvm.dll+0x61c475]
V  [jvm.dll+0x2f2aac]
V  [jvm.dll+0x2f2932]
V  [jvm.dll+0x2f7656]
V  [jvm.dll+0x33a1cf]
V  [jvm.dll+0x339c00]
V  [jvm.dll+0x2d00c8]
V  [jvm.dll+0x2d1236]
V  [jvm.dll+0x73e757]
V  [jvm.dll+0x73ffef]
V  [jvm.dll+0x346ef9]
V  [jvm.dll+0x723f90]
V  [jvm.dll+0x3b5adf]
V  [jvm.dll+0x3b7bf1]
C  [jli.dll+0x5207]
C  [ucrtbase.dll+0x29363]
C  [KERNEL32.DLL+0x126ad]
C  [ntdll.dll+0x5aa68]


---------------  P R O C E S S  ---------------

Threads class SMR info:
_java_thread_list=0x000002bde7871e30, length=0, elements={
}

Java Threads: ( => current thread )

Other Threads:
  0x000002bde9a7c800 GCTaskThread "GC Thread#0" [stack: 0x000000c42b900000,0x000000c42ba00000] [id=20152]
  0x000002bde9ada000 ConcurrentGCThread "G1 Main Marker" [stack: 0x000000c42ba00000,0x000000c42bb00000] [id=21212]
  0x000002bde9add800 ConcurrentGCThread "G1 Conc#0" [stack: 0x000000c42bb00000,0x000000c42bc00000] [id=12636]

[error occurred during error reporting (printing all threads), id 0xc0000005, EXCEPTION_ACCESS_VIOLATION (0xc0000005) at pc=0x00007ff87e68f357]

VM state:not at safepoint (not fully initialized)

VM Mutex/Monitor currently owned by a thread:  ([mutex/lock_event])
[0x000002bde9a656a0] Heap_lock - owner thread: 0x000002bde9a68800

Heap address: 0x0000000704800000, size: 4024 MB, Compressed Oops mode: Non-zero based: 0x0000000704800000
Narrow klass base: 0x0000000000000000, Narrow klass shift: 0

GC Heap History (0 events):
No events

Deoptimization events (0 events):
No events

Classes redefined (0 events):
No events

Internal exceptions (0 events):
No events

Events (0 events):
No events


Dynamic libraries:
0x00007ff6e9a40000 - 0x00007ff6e9a4f000 	C:\Program Files\Java\jdk-11.0.16\bin\java.exe
0x00007ff8cf4b0000 - 0x00007ff8cf6c4000 	C:\WINDOWS\SYSTEM32\ntdll.dll
0x00007ff8ce020000 - 0x00007ff8ce0e2000 	C:\WINDOWS\System32\KERNEL32.DLL
0x00007ff8ccc10000 - 0x00007ff8ccfb3000 	C:\WINDOWS\System32\KERNELBASE.dll
0x00007ff8cc920000 - 0x00007ff8cca31000 	C:\WINDOWS\System32\ucrtbase.dll
0x00007ff8ad9a0000 - 0x00007ff8ad9b8000 	C:\Program Files\Java\jdk-11.0.16\bin\jli.dll
0x00007ff8ad980000 - 0x00007ff8ad995000 	C:\Program Files\Java\jdk-11.0.16\bin\VCRUNTIME140.dll
0x00007ff8cf2a0000 - 0x00007ff8cf34e000 	C:\WINDOWS\System32\ADVAPI32.dll
0x00007ff8cf1f0000 - 0x00007ff8cf297000 	C:\WINDOWS\System32\msvcrt.dll
0x00007ff8cf140000 - 0x00007ff8cf1e4000 	C:\WINDOWS\System32\sechost.dll
0x00007ff8cdb20000 - 0x00007ff8cdc37000 	C:\WINDOWS\System32\RPCRT4.dll
0x00007ff8cd860000 - 0x00007ff8cda0a000 	C:\WINDOWS\System32\USER32.dll
0x00007ff8cca40000 - 0x00007ff8cca66000 	C:\WINDOWS\System32\win32u.dll
0x00007ff8cda10000 - 0x00007ff8cda39000 	C:\WINDOWS\System32\GDI32.dll
0x00007ff8ccaf0000 - 0x00007ff8ccc09000 	C:\WINDOWS\System32\gdi32full.dll
0x00007ff8cd130000 - 0x00007ff8cd1ca000 	C:\WINDOWS\System32\msvcp_win.dll
0x00007ff8b3a10000 - 0x00007ff8b3c9e000 	C:\WINDOWS\WinSxS\amd64_microsoft.windows.common-controls_6595b64144ccf1df_6.0.22621.1635_none_270f70857386168e\COMCTL32.dll
0x00007ff8be520000 - 0x00007ff8be52a000 	C:\WINDOWS\SYSTEM32\VERSION.dll
0x00007ff8cd820000 - 0x00007ff8cd851000 	C:\WINDOWS\System32\IMM32.DLL
0x00007ff890bd0000 - 0x00007ff890c6b000 	C:\Program Files\Java\jdk-11.0.16\bin\msvcp140.dll
0x00007ff87e3b0000 - 0x00007ff87eec8000 	C:\Program Files\Java\jdk-11.0.16\bin\server\jvm.dll
0x00007ff8cdc60000 - 0x00007ff8cdc68000 	C:\WINDOWS\System32\PSAPI.DLL
0x00007ff8b1660000 - 0x00007ff8b1669000 	C:\WINDOWS\SYSTEM32\WSOCK32.dll
0x00007ff8cdc70000 - 0x00007ff8cdce1000 	C:\WINDOWS\System32\WS2_32.dll
0x00007ff8c0f80000 - 0x00007ff8c0fb4000 	C:\WINDOWS\SYSTEM32\WINMM.dll
0x00007ff8cb9e0000 - 0x00007ff8cb9f8000 	C:\WINDOWS\SYSTEM32\kernel.appcore.dll
0x00007ff8c2260000 - 0x00007ff8c2270000 	C:\Program Files\Java\jdk-11.0.16\bin\verify.dll
0x00007ff8ca290000 - 0x00007ff8ca4be000 	C:\WINDOWS\SYSTEM32\DBGHELP.DLL
0x00007ff8cd2f0000 - 0x00007ff8cd679000 	C:\WINDOWS\System32\combase.dll
0x00007ff8cda40000 - 0x00007ff8cdb17000 	C:\WINDOWS\System32\OLEAUT32.dll
0x00007ff8b3f00000 - 0x00007ff8b3f32000 	C:\WINDOWS\SYSTEM32\dbgcore.DLL
0x00007ff8cca70000 - 0x00007ff8ccaea000 	C:\WINDOWS\System32\bcryptPrimitives.dll
0x00007ff8ad600000 - 0x00007ff8ad628000 	C:\Program Files\Java\jdk-11.0.16\bin\java.dll
0x00007ff8c2030000 - 0x00007ff8c203a000 	C:\Program Files\Java\jdk-11.0.16\bin\jimage.dll
0x00007ff8b8450000 - 0x00007ff8b845e000 	C:\Program Files\Java\jdk-11.0.16\bin\instrument.dll
0x00007ff8ad960000 - 0x00007ff8ad976000 	C:\Program Files\Java\jdk-11.0.16\bin\zip.dll

dbghelp: loaded successfully - version: 4.0.5 - missing functions: none
symbol engine: initialized successfully - sym options: 0x614 - pdb path: .;C:\Program Files\Java\jdk-11.0.16\bin;C:\WINDOWS\SYSTEM32;C:\WINDOWS\WinSxS\amd64_microsoft.windows.common-controls_6595b64144ccf1df_6.0.22621.1635_none_270f70857386168e;C:\Program Files\Java\jdk-11.0.16\bin\server

VM Arguments:
jvm_args: -XX:TieredStopAtLevel=1 -Xverify:none -Dspring.output.ansi.enabled=always -Dcom.sun.management.jmxremote -Dspring.jmx.enabled=true -Dspring.liveBeansView.mbeanDomain -Dspring.application.admin.enabled=true -javaagent:C:\Program Files\JetBrains\IntelliJ IDEA 2022.2.3\lib\idea_rt.jar=54786:C:\Program Files\JetBrains\IntelliJ IDEA 2022.2.3\bin -Dfile.encoding=UTF-8 
java_command: com.bluetooth.hunchgame.HunchGameApplication
java_class_path (initial): C:\Users\82103\IdeaProjects\Backend\build\classes\java\main;C:\Users\82103\IdeaProjects\Backend\build\resources\main;C:\Users\82103\.gradle\caches\modules-2\files-2.1\org.projectlombok\lombok\1.18.28\a2ff5da8bcd8b1b26f36b806ced63213362c6dcc\lombok-1.18.28.jar;C:\Users\82103\.gradle\caches\modules-2\files-2.1\org.springframework.boot\spring-boot-starter-data-jpa\2.7.13\98aba6063ce411ae5e7ce263ce7c7012427559a6\spring-boot-starter-data-jpa-2.7.13.jar;C:\Users\82103\.gradle\caches\modules-2\files-2.1\org.springframework.boot\spring-boot-starter-web\2.7.13\707bd743fa544ca06a78a657465c1ca0f5084ea4\spring-boot-starter-web-2.7.13.jar;C:\Users\82103\.gradle\caches\modules-2\files-2.1\org.springframework.boot\spring-boot-starter-aop\2.7.13\bf09e5f88e4bed249795bf28b42d75d3df0391a1\spring-boot-starter-aop-2.7.13.jar;C:\Users\82103\.gradle\caches\modules-2\files-2.1\org.springframework.boot\spring-boot-starter-jdbc\2.7.13\1b5dce56ea6f5657c0aada8d342beedfbdc6a65c\spring-boot-starter-jdbc-2.7.13.jar;C:\Users\82103\.gradle\caches\modules-2\files-2.1\jakarta.transaction\jakarta.transaction-api\1.3.3\c4179d48720a1e87202115fbed6089bdc4195405\jakarta.transaction-api-1.3.3.jar;C:\Users\82103\.gradle\caches\modules-2\files-2.1\jakarta.persistence\jakarta.persistence-api\2.2.3\8f6ea5daedc614f07a3654a455660145286f024e\jakarta.persistence-api-2.2.3.jar;C:\Users\82103\.gradle\caches\modules-2\files-2.1\org.hibernate\hibernate-core\5.6.15.Final\ab14b7cef1fdff654ca81923048a6034d6c7cfa7\hibernate-core-5.6.15.Final.jar;C:\Users\82103\.gradle\caches\modules-2\files-2.1\org.springframework.data\spring-data-jpa\2.7.13\cbbd710b12238366d3b7a79ecb429125665047da\spring-data-jpa-2.7.13.jar;C:\Users\82103\.gradle\caches\modules-2\files-2.1\org.springframework\spring-aspects\5.3.28\11670ae516772497e443a836421417d43422b12\spring-aspects-5.3.28.jar;C:\Users\82103\.gradle\caches\modules-2\files-2.1\org.springframework.boot\spring-boot-starter-json\2.7.13\2fc4c73e9b8602e57d2ffc375
Launcher Type: SUN_STANDARD

[Global flags]
     bool BytecodeVerificationLocal                = false                                     {product} {command line}
     bool BytecodeVerificationRemote               = false                                     {product} {command line}
     intx CICompilerCount                          = 4                                         {product} {ergonomic}
     uint ConcGCThreads                            = 2                                         {product} {ergonomic}
     uint G1ConcRefinementThreads                  = 8                                         {product} {ergonomic}
   size_t G1HeapRegionSize                         = 1048576                                   {product} {ergonomic}
    uintx GCDrainStackTargetSize                   = 64                                        {product} {ergonomic}
   size_t InitialHeapSize                          = 264241152                                 {product} {ergonomic}
     bool ManagementServer                         = true                                      {product} {command line}
   size_t MarkStackSize                            = 4194304                                   {product} {ergonomic}
   size_t MaxHeapSize                              = 4219469824                                {product} {ergonomic}
   size_t MinHeapDeltaBytes                        = 1048576                                   {product} {ergonomic}
    uintx NonNMethodCodeHeapSize                   = 7549744                                {pd product} {ergonomic}
    uintx NonProfiledCodeHeapSize                  = 244108496                              {pd product} {ergonomic}
    uintx ProfiledCodeHeapSize                     = 0                                      {pd product} {ergonomic}
    uintx ReservedCodeCacheSize                    = 251658240                              {pd product} {ergonomic}
     bool SegmentedCodeCache                       = true                                      {product} {ergonomic}
     intx TieredStopAtLevel                        = 1                                         {product} {command line}
     bool UseCompressedClassPointers               = true                                 {lp64_product} {ergonomic}
     bool UseCompressedOops                        = true                                 {lp64_product} {ergonomic}
     bool UseG1GC                                  = true                                      {product} {ergonomic}
     bool UseLargePagesIndividualAllocation        = false                                  {pd product} {ergonomic}

Logging:
Log output configuration:
 #0: stdout all=warning uptime,level,tags
 #1: stderr all=off uptime,level,tags

Environment Variables:
JAVA_HOME=C:\Program Files\Java\jdk-11.0.16
CLASSPATH=.;
PATH=C:\Program Files (x86)\Common Files\Intel\Shared Libraries\redist\intel64\compiler;C:\Program Files\Microsoft\jdk-11.0.12.7-hotspot\bin;C:\Program Files\Java\jdk-11.0.16\bin;C:\Program Files\Common Files\Oracle\Java\javapath;C:\Program Files (x86)\Common Files\Oracle\Java\javapath;C:\WINDOWS\system32;C:\WINDOWS;C:\WINDOWS\System32\Wbem;C:\WINDOWS\System32\WindowsPowerShell\v1.0\;C:\WINDOWS\System32\OpenSSH\;C:\ProgramData\chocolatey\bin;C:\Program Files\Java\jdk1.8.0_211\bin;C:\Users\82103\AppData\Roaming\nvm;C:\Program Files\nodejs;%LOCALAPPDATA%\Android\Sdk\platform-tools;C:\Users\82103\AppData\Roaming\npm;C:\Program Files\Git\cmd;C:\Miniconda3\Library\bin;C:\Miniconda3\Scripts;C:\Miniconda3;C:\Strawberry\c\bin;C:\Strawberry\perl\site\bin;C:\Strawberry\perl\bin;C:\Program Files\PowerShell\7\;C:\Program Files\PowerShell\7-preview\preview;C:\Users\82103\AppData\Local\Android\Sdk\platform-tools;C:\Users\82103\AppData\Local\Android\Sdk\tools;C:\Users\82103\AppData\Local\Microsoft\WindowsApps;C:\Users\82103\AppData\Local\Programs\Microsoft VS Code\bin;C:\Users\82103\AppData\Loca\Android\Sdk;C:\ProgramData\82103\GitHubDesktop\bin;C:\Users\82103\AppData\Local\GitHubDesktop\bin;C:\Program Files\JetBrains\PyCharm Community Edition 2022.2.2\bin;C:\Program Files (x86)\Brackets\;C:\Program Files\JetBrains\IntelliJ IDEA 2022.2.3\bin
USERNAME=82103
OS=Windows_NT
PROCESSOR_IDENTIFIER=Intel64 Family 6 Model 140 Stepping 1, GenuineIntel



---------------  S Y S T E M  ---------------

OS: Windows 11 , 64 bit Build 22621 (10.0.22621.1928)

CPU:total 8 (initial active 8) (4 cores per cpu, 2 threads per core) family 6 model 140 stepping 1 microcode 0x8a, cmov, cx8, fxsr, mmx, sse, sse2, sse3, ssse3, sse4.1, sse4.2, popcnt, avx, avx2, aes, clmul, erms, 3dnowpref, lzcnt, ht, tsc, tscinvbit, bmi1, bmi2, adx, evex, sha, fma

Memory: 4k page, system-wide physical 16092M (3055M free)
TotalPageFile size 18999M (AvailPageFile size 255M)
current process WorkingSet (physical memory assigned to process): 11M, peak: 11M
current process commit charge ("private bytes"): 58M, peak: 310M

vm_info: Java HotSpot(TM) 64-Bit Server VM (11.0.16+11-LTS-199) for windows-amd64 JRE (11.0.16+11-LTS-199), built on Jun 28 2022 08:23:17 by "mach5one" with MS VC++ 15.9 (VS2017)

END.
